[    0.000000] Initializing cgroup subsys cpuset
[    0.000000] Initializing cgroup subsys cpu
[    0.000000] Initializing cgroup subsys cpuacct
[    0.000000] Linux version 4.4.0-83-generic (buildd@lgw01-29) (gcc version 5.4.0 20160609 (Ubuntu 5.4.0-6ubuntu1~16.04.4) ) #106-Ubuntu SMP Mon Jun 26 17:54:43 UTC 2017 (Ubuntu 4.4.0-83.106-generic 4.4.70)
[    0.000000] Command line: BOOT_IMAGE=/boot/vmlinuz-4.4.0-83-generic root=UUID=c0e33e0d-ff09-415d-9ba2-24809f9a87c2 ro console=tty1 console=ttyS0
[    0.000000] KERNEL supported cpus:
[    0.000000]   Intel GenuineIntel
[    0.000000]   AMD AuthenticAMD
[    0.000000]   Centaur CentaurHauls
[    0.000000] x86/fpu: xstate_offset[2]:  576, xstate_sizes[2]:  256
[    0.000000] x86/fpu: Supporting XSAVE feature 0x01: 'x87 floating point registers'
[    0.000000] x86/fpu: Supporting XSAVE feature 0x02: 'SSE registers'
[    0.000000] x86/fpu: Supporting XSAVE feature 0x04: 'AVX registers'
[    0.000000] x86/fpu: Enabled xstate features 0x7, context size is 832 bytes, using 'standard' format.
[    0.000000] x86/fpu: Using 'lazy' FPU context switches.
[    0.000000] e820: BIOS-provided physical RAM map:
[    0.000000] BIOS-e820: [mem 0x0000000000000000-0x000000000009fbff] usable
[    0.000000] BIOS-e820: [mem 0x000000000009fc00-0x000000000009ffff] reserved
[    0.000000] BIOS-e820: [mem 0x00000000000f0000-0x00000000000fffff] reserved
[    0.000000] BIOS-e820: [mem 0x0000000000100000-0x000000002ffeffff] usable
[    0.000000] BIOS-e820: [mem 0x000000002fff0000-0x000000002fffffff] ACPI data
[    0.000000] BIOS-e820: [mem 0x00000000fec00000-0x00000000fec00fff] reserved
[    0.000000] BIOS-e820: [mem 0x00000000fee00000-0x00000000fee00fff] reserved
[    0.000000] BIOS-e820: [mem 0x00000000fffc0000-0x00000000ffffffff] reserved
[    0.000000] NX (Execute Disable) protection: active
[    0.000000] SMBIOS 2.5 present.
[    0.000000] Hypervisor detected: KVM
[    0.000000] e820: last_pfn = 0x2fff0 max_arch_pfn = 0x400000000
[    0.000000] MTRR: Disabled
[    0.000000] x86/PAT: MTRRs disabled, skipping PAT initialization too.
[    0.000000] x86/PAT: Configuration [0-7]: WB  WT  UC- UC  WB  WT  UC- UC  
[    0.000000] CPU MTRRs all blank - virtualized system.
[    0.000000] found SMP MP-table at [mem 0x0009fff0-0x0009ffff] mapped at [ffff88000009fff0]
[    0.000000] Scanning 1 areas for low memory corruption
[    0.000000] RAMDISK: [mem 0x2e834000-0x2f711fff]
[    0.000000] ACPI: Early table checksum verification disabled
[    0.000000] ACPI: RSDP 0x00000000000E0000 000024 (v02 VBOX  )
[    0.000000] ACPI: XSDT 0x000000002FFF0030 00003C (v01 VBOX   VBOXXSDT 00000001 ASL  00000061)
[    0.000000] ACPI: FACP 0x000000002FFF00F0 0000F4 (v04 VBOX   VBOXFACP 00000001 ASL  00000061)
[    0.000000] ACPI: DSDT 0x000000002FFF0470 0021C8 (v02 VBOX   VBOXBIOS 00000002 INTL 20100528)
[    0.000000] ACPI: FACS 0x000000002FFF0200 000040
[    0.000000] ACPI: FACS 0x000000002FFF0200 000040
[    0.000000] ACPI: APIC 0x000000002FFF0240 00005C (v02 VBOX   VBOXAPIC 00000001 ASL  00000061)
[    0.000000] ACPI: SSDT 0x000000002FFF02A0 0001CC (v01 VBOX   VBOXCPUT 00000002 INTL 20100528)
[    0.000000] No NUMA configuration found
[    0.000000] Faking a node at [mem 0x0000000000000000-0x000000002ffeffff]
[    0.000000] NODE_DATA(0) allocated [mem 0x2ffeb000-0x2ffeffff]
[    0.000000] kvm-clock: Using msrs 4b564d01 and 4b564d00
[    0.000000] kvm-clock: cpu 0, msr 0:2ffe3001, primary cpu clock
[    0.000000] kvm-clock: using sched offset of 3951849106 cycles
[    0.000000] clocksource: kvm-clock: mask: 0xffffffffffffffff max_cycles: 0x1cd42e4dffb, max_idle_ns: 881590591483 ns
[    0.000000] Zone ranges:
[    0.000000]   DMA      [mem 0x0000000000001000-0x0000000000ffffff]
[    0.000000]   DMA32    [mem 0x0000000001000000-0x000000002ffeffff]
[    0.000000]   Normal   empty
[    0.000000]   Device   empty
[    0.000000] Movable zone start for each node
[    0.000000] Early memory node ranges
[    0.000000]   node   0: [mem 0x0000000000001000-0x000000000009efff]
[    0.000000]   node   0: [mem 0x0000000000100000-0x000000002ffeffff]
[    0.000000] Initmem setup node 0 [mem 0x0000000000001000-0x000000002ffeffff]
[    0.000000] ACPI: PM-Timer IO Port: 0x4008
[    0.000000] IOAPIC[0]: apic_id 2, version 32, address 0xfec00000, GSI 0-23
[    0.000000] ACPI: INT_SRC_OVR (bus 0 bus_irq 0 global_irq 2 dfl dfl)
[    0.000000] ACPI: INT_SRC_OVR (bus 0 bus_irq 9 global_irq 9 high level)
[    0.000000] Using ACPI (MADT) for SMP configuration information
[    0.000000] smpboot: Allowing 2 CPUs, 0 hotplug CPUs
[    0.000000] PM: Registered nosave memory: [mem 0x00000000-0x00000fff]
[    0.000000] PM: Registered nosave memory: [mem 0x0009f000-0x0009ffff]
[    0.000000] PM: Registered nosave memory: [mem 0x000a0000-0x000effff]
[    0.000000] PM: Registered nosave memory: [mem 0x000f0000-0x000fffff]
[    0.000000] e820: [mem 0x30000000-0xfebfffff] available for PCI devices
[    0.000000] Booting paravirtualized kernel on KVM
[    0.000000] clocksource: refined-jiffies: mask: 0xffffffff max_cycles: 0xffffffff, max_idle_ns: 7645519600211568 ns
[    0.000000] setup_percpu: NR_CPUS:512 nr_cpumask_bits:512 nr_cpu_ids:2 nr_node_ids:1
[    0.000000] PERCPU: Embedded 33 pages/cpu @ffff88002fc00000 s98264 r8192 d28712 u1048576
[    0.000000] PV qspinlock hash table entries: 256 (order: 0, 4096 bytes)
[    0.000000] Built 1 zonelists in Node order, mobility grouping on.  Total pages: 193401
[    0.000000] Policy zone: DMA32
[    0.000000] Kernel command line: BOOT_IMAGE=/boot/vmlinuz-4.4.0-83-generic root=UUID=c0e33e0d-ff09-415d-9ba2-24809f9a87c2 ro console=tty1 console=ttyS0
[    0.000000] PID hash table entries: 4096 (order: 3, 32768 bytes)
[    0.000000] Memory: 739304K/785976K available (8469K kernel code, 1294K rwdata, 3984K rodata, 1488K init, 1316K bss, 46672K reserved, 0K cma-reserved)
[    0.000000] SLUB: HWalign=64, Order=0-3, MinObjects=0, CPUs=2, Nodes=1
[    0.000000] Hierarchical RCU implementation.
[    0.000000] 	Build-time adjustment of leaf fanout to 64.
[    0.000000] 	RCU restricting CPUs from NR_CPUS=512 to nr_cpu_ids=2.
[    0.000000] RCU: Adjusting geometry for rcu_fanout_leaf=64, nr_cpu_ids=2
[    0.000000] NR_IRQS:33024 nr_irqs:440 16
[    0.000000] Console: colour VGA+ 80x25
[    0.000000] console [tty1] enabled
[    0.000000] console [ttyS0] enabled
[    0.000000] tsc: Detected 2395.506 MHz processor
[    0.000000] tsc: Marking TSC unstable due to TSCs unsynchronized
[    0.012000] Calibrating delay loop (skipped) preset value.. 4791.01 BogoMIPS (lpj=9582024)
[    0.016020] pid_max: default: 32768 minimum: 301
[    0.020033] ACPI: Core revision 20150930
[    0.028225] ACPI: 2 ACPI AML tables successfully acquired and loaded
[    0.032700] Security Framework initialized
[    0.036016] Yama: becoming mindful.
[    0.037640] AppArmor: AppArmor initialized
[    0.040148] Dentry cache hash table entries: 131072 (order: 8, 1048576 bytes)
[    0.044339] Inode-cache hash table entries: 65536 (order: 7, 524288 bytes)
[    0.049758] Mount-cache hash table entries: 2048 (order: 2, 16384 bytes)
[    0.052028] Mountpoint-cache hash table entries: 2048 (order: 2, 16384 bytes)
[    0.056254] Initializing cgroup subsys io
[    0.060025] Initializing cgroup subsys memory
[    0.064041] Initializing cgroup subsys devices
[    0.068026] Initializing cgroup subsys freezer
[    0.072029] Initializing cgroup subsys net_cls
[    0.076067] Initializing cgroup subsys perf_event
[    0.080030] Initializing cgroup subsys net_prio
[    0.084070] Initializing cgroup subsys hugetlb
[    0.088021] Initializing cgroup subsys pids
[    0.092210] CPU: Physical Processor ID: 0
[    0.096013] CPU: Processor Core ID: 0
[    0.116681] mce: CPU supports 0 MCE banks
[    0.120045] Last level iTLB entries: 4KB 512, 2MB 1024, 4MB 512
[    0.124015] Last level dTLB entries: 4KB 1024, 2MB 1024, 4MB 512, 1GB 0
[    0.133074] Freeing SMP alternatives memory: 32K (ffffffff820b9000 - ffffffff820c1000)
[    0.153034] ftrace: allocating 32129 entries in 126 pages
[    0.168139] smpboot: APIC(0) Converting physical 0 to logical package 0
[    0.172017] smpboot: Max logical packages: 1
[    0.176485] x2apic enabled
[    0.180017] Switched APIC routing to physical x2apic.
[    0.185879] ..TIMER: vector=0x30 apic1=0 pin1=2 apic2=-1 pin2=-1
[    0.192000] APIC calibration not consistent with PM-Timer: 103ms instead of 100ms
[    0.192000] APIC delta adjusted to PM-Timer: 6265053 (6500461)
[    0.192120] smpboot: CPU0: AMD A10-9600P RADEON R5, 10 COMPUTE CORES 4C+6G (family: 0x15, model: 0x65, stepping: 0x1)
[    0.204029] Performance Events: Broken PMU hardware detected, using software events only.
[    0.208013] Failed to access perfctr msr (MSR c0010007 is 0)
[    0.212088] KVM setup paravirtual spinlock
[    0.217341] x86: Booting SMP configuration:
[    0.220027] .... node  #0, CPUs:      #1
[    0.012000] kvm-clock: cpu 1, msr 0:2ffe3041, secondary cpu clock
[    0.012000] mce: CPU supports 0 MCE banks
[    0.270846] x86: Booted up 1 node, 2 CPUs
[    0.272015] smpboot: Total of 2 processors activated (9582.02 BogoMIPS)
[    0.276462] devtmpfs: initialized
[    0.284475] evm: security.selinux
[    0.288038] evm: security.SMACK64
[    0.293258] evm: security.SMACK64EXEC
[    0.296010] evm: security.SMACK64TRANSMUTE
[    0.300010] evm: security.SMACK64MMAP
[    0.304009] evm: security.ima
[    0.308011] evm: security.capability
[    0.312366] clocksource: jiffies: mask: 0xffffffff max_cycles: 0xffffffff, max_idle_ns: 7645041785100000 ns
[    0.316067] futex hash table entries: 512 (order: 3, 32768 bytes)
[    0.320166] pinctrl core: initialized pinctrl subsystem
[    0.324467] RTC time: 13:06:52, date: 07/13/17
[    0.332278] NET: Registered protocol family 16
[    0.348034] cpuidle: using governor ladder
[    0.364035] cpuidle: using governor menu
[    0.368036] PCCT header not found.
[    0.376067] ACPI: bus type PCI registered
[    0.380015] acpiphp: ACPI Hot Plug PCI Controller Driver version: 0.5
[    0.384180] PCI: Using configuration type 1 for base access
[    0.388007] PCI: Using configuration type 1 for extended access
[    0.408183] ACPI: Added _OSI(Module Device)
[    0.412065] ACPI: Added _OSI(Processor Device)
[    0.416013] ACPI: Added _OSI(3.0 _SCP Extensions)
[    0.420015] ACPI: Added _OSI(Processor Aggregator Device)
[    0.425126] ACPI: Executed 1 blocks of module-level executable AML code
[    0.436161] ACPI: Interpreter enabled
[    0.440035] ACPI: (supports S0 S5)
[    0.444012] ACPI: Using IOAPIC for interrupt routing
[    0.448337] PCI: Using host bridge windows from ACPI; if necessary, use "pci=nocrs" and report a bug
[    0.462507] ACPI: PCI Root Bridge [PCI0] (domain 0000 [bus 00-ff])
[    0.464031] acpi PNP0A03:00: _OSC: OS supports [ExtendedConfig ASPM ClockPM Segments MSI]
[    0.468039] acpi PNP0A03:00: _OSC failed (AE_NOT_FOUND); disabling ASPM
[    0.476186] PCI host bridge to bus 0000:00
[    0.480019] pci_bus 0000:00: root bus resource [io  0x0000-0x0cf7 window]
[    0.484018] pci_bus 0000:00: root bus resource [io  0x0d00-0xffff window]
[    0.488006] pci_bus 0000:00: root bus resource [mem 0x000a0000-0x000bffff window]
[    0.492020] pci_bus 0000:00: root bus resource [mem 0x30000000-0xffdfffff window]
[    0.496021] pci_bus 0000:00: root bus resource [bus 00-ff]
[    0.503094] pci 0000:00:01.1: legacy IDE quirk: reg 0x10: [io  0x01f0-0x01f7]
[    0.504017] pci 0000:00:01.1: legacy IDE quirk: reg 0x14: [io  0x03f6]
[    0.508016] pci 0000:00:01.1: legacy IDE quirk: reg 0x18: [io  0x0170-0x0177]
[    0.512019] pci 0000:00:01.1: legacy IDE quirk: reg 0x1c: [io  0x0376]
[    0.554871] pci 0000:00:07.0: quirk: [io  0x4000-0x403f] claimed by PIIX4 ACPI
[    0.556032] pci 0000:00:07.0: quirk: [io  0x4100-0x410f] claimed by PIIX4 SMB
[    0.582298] ACPI: PCI Interrupt Link [LNKA] (IRQs 5 9 10 *11)
[    0.585728] ACPI: PCI Interrupt Link [LNKB] (IRQs 5 9 10 *11)
[    0.588616] ACPI: PCI Interrupt Link [LNKC] (IRQs 5 9 *10 11)
[    0.590749] ACPI: PCI Interrupt Link [LNKD] (IRQs 5 *9 10 11)
[    0.600715] ACPI: Enabled 2 GPEs in block 00 to 07
[    0.608297] vgaarb: setting as boot device: PCI:0000:00:02.0
[    0.612000] vgaarb: device added: PCI:0000:00:02.0,decodes=io+mem,owns=io+mem,locks=none
[    0.612015] vgaarb: loaded
[    0.616004] vgaarb: bridge control possible 0000:00:02.0
[    0.620121] SCSI subsystem initialized
[    0.624149] ACPI: bus type USB registered
[    0.628091] usbcore: registered new interface driver usbfs
[    0.632028] usbcore: registered new interface driver hub
[    0.636071] usbcore: registered new device driver usb
[    0.644233] PCI: Using ACPI for IRQ routing
[    0.648492] NetLabel: Initializing
[    0.652012] NetLabel:  domain hash size = 128
[    0.656010] NetLabel:  protocols = UNLABELED CIPSOv4
[    0.664028] NetLabel:  unlabeled traffic allowed by default
[    0.668138] amd_nb: Cannot enumerate AMD northbridges
[    0.676013] clocksource: Switched to clocksource kvm-clock
[    0.738893] AppArmor: AppArmor Filesystem Enabled
[    0.746783] pnp: PnP ACPI init
[    0.777710] pnp: PnP ACPI: found 3 devices
[    0.797348] clocksource: acpi_pm: mask: 0xffffff max_cycles: 0xffffff, max_idle_ns: 2085701024 ns
[    0.813789] NET: Registered protocol family 2
[    0.877675] TCP established hash table entries: 8192 (order: 4, 65536 bytes)
[    0.912470] TCP bind hash table entries: 8192 (order: 5, 131072 bytes)
[    0.998113] TCP: Hash tables configured (established 8192 bind 8192)
[    1.000104] UDP hash table entries: 512 (order: 2, 16384 bytes)
[    1.068833] UDP-Lite hash table entries: 512 (order: 2, 16384 bytes)
[    1.100719] NET: Registered protocol family 1
[    1.145599] pci 0000:00:00.0: Limiting direct PCI/PCI transfers
[    1.164989] pci 0000:00:01.0: Activating ISA DMA hang workarounds
[    1.168757] Unpacking initramfs...
[    1.547690] Freeing initrd memory: 15224K (ffff88002e834000 - ffff88002f712000)
[    1.560239] clocksource: tsc: mask: 0xffffffffffffffff max_cycles: 0x2287a21bcec, max_idle_ns: 440795241626 ns
[    1.565202] platform rtc_cmos: registered platform RTC device (no PNP device found)
[    1.567621] Scanning for low memory corruption every 60 seconds
[    1.570230] audit: initializing netlink subsys (disabled)
[    1.586323] audit: type=2000 audit(1499951216.744:1): initialized
[    1.604457] Initialise system trusted keyring
[    1.637697] HugeTLB registered 2 MB page size, pre-allocated 0 pages
[    1.644280] zbud: loaded
[    1.646516] VFS: Disk quotas dquot_6.6.0
[    1.665669] VFS: Dquot-cache hash table entries: 512 (order 0, 4096 bytes)
[    1.721228] squashfs: version 4.0 (2009/01/31) Phillip Lougher
[    1.732691] fuse init (API version 7.23)
[    1.734464] Key type big_key registered
[    1.760440] Allocating IMA MOK and blacklist keyrings.
[    1.785064] Key type asymmetric registered
[    1.802572] Asymmetric key parser 'x509' registered
[    1.815408] Block layer SCSI generic (bsg) driver version 0.4 loaded (major 249)
[    1.829564] io scheduler noop registered
[    1.908211] io scheduler deadline registered (default)
[    1.916100] io scheduler cfq registered
[    1.974937] pci_hotplug: PCI Hot Plug PCI Core version: 0.5
[    2.000924] pciehp: PCI Express Hot Plug Controller Driver version: 0.4
[    2.026061] ACPI: AC Adapter [AC] (on-line)
[    2.044713] input: Power Button as /devices/LNXSYSTM:00/LNXPWRBN:00/input/input0
[    2.052797] ACPI: Power Button [PWRF]
[    2.060455] input: Sleep Button as /devices/LNXSYSTM:00/LNXSLPBN:00/input/input1
[    2.093622] ACPI: Sleep Button [SLPF]
[    2.119069] GHES: HEST is not enabled!
[    2.120230] ACPI: Battery Slot [BAT0] (battery present)
[    2.165869] Serial: 8250/16550 driver, 32 ports, IRQ sharing enabled
[    2.208208] 00:02: ttyS0 at I/O 0x3f8 (irq = 4, base_baud = 115200) is a 16550A
[    2.231509] Linux agpgart interface v0.103
[    2.249552] loop: module loaded
[    2.261880] scsi host0: ata_piix
[    2.284503] scsi host1: ata_piix
[    2.292700] ata1: PATA max UDMA/33 cmd 0x1f0 ctl 0x3f6 bmdma 0xd000 irq 14
[    2.301773] ata2: PATA max UDMA/33 cmd 0x170 ctl 0x376 bmdma 0xd008 irq 15
[    2.318397] libphy: Fixed MDIO Bus: probed
[    2.336114] tun: Universal TUN/TAP device driver, 1.6
[    2.342268] tun: (C) 1999-2004 Max Krasnyansky <maxk@qualcomm.com>
[    2.353178] PPP generic driver version 2.4.2
[    2.366402] ehci_hcd: USB 2.0 'Enhanced' Host Controller (EHCI) Driver
[    2.385127] ehci-pci: EHCI PCI platform driver
[    2.403001] ehci-platform: EHCI generic platform driver
[    2.404788] ohci_hcd: USB 1.1 'Open' Host Controller (OHCI) Driver
[    2.446287] ohci-pci: OHCI PCI platform driver
[    2.448176] ohci-platform: OHCI generic platform driver
[    2.449952] uhci_hcd: USB Universal Host Controller Interface driver
[    2.453229] i8042: PNP: PS/2 Controller [PNP0303:PS2K,PNP0f03:PS2M] at 0x60,0x64 irq 1,12
[    2.488811] serio: i8042 KBD port at 0x60,0x64 irq 1
[    2.501379] serio: i8042 AUX port at 0x60,0x64 irq 12
[    2.503501] mousedev: PS/2 mouse device common for all mice
[    2.525375] input: AT Translated Set 2 keyboard as /devices/platform/i8042/serio0/input/input2
[    2.535911] rtc_cmos rtc_cmos: rtc core: registered rtc_cmos as rtc0
[    2.536067] rtc_cmos rtc_cmos: alarms up to one day, 114 bytes nvram
[    2.536093] i2c /dev entries driver
[    2.536197] device-mapper: uevent: version 1.0.3
[    2.536292] device-mapper: ioctl: 4.34.0-ioctl (2015-10-28) initialised: dm-devel@redhat.com
[    2.536320] ledtrig-cpu: registered to indicate activity on CPUs
[    2.536811] NET: Registered protocol family 10
[    2.537202] NET: Registered protocol family 17
[    2.537229] Key type dns_resolver registered
[    2.537113] microcode: CPU0: patch_level=0x06000626
[    2.580973] microcode: CPU1: patch_level=0x06000626
[    2.581082] microcode: Microcode Update Driver: v2.01 <tigran@aivazian.fsnet.co.uk>, Peter Oruba
[    2.581324] registered taskstats version 1
[    2.581341] Loading compiled-in X.509 certificates
[    2.582325] Loaded X.509 cert 'Build time autogenerated kernel key: 35105354eb779045e4d9ad793dead39d5ee93f76'
[    2.582364] zswap: loaded using pool lzo/zbud
[    2.585136] Key type trusted registered
[    2.592102] Key type encrypted registered
[    2.592114] AppArmor: AppArmor sha1 policy hashing enabled
[    2.592118] ima: No TPM chip found, activating TPM-bypass!
[    2.592159] evm: HMAC attrs: 0x1
[    2.592679]   Magic number: 9:425:129
[    2.602152] rtc_cmos rtc_cmos: setting system clock to 2017-07-13 13:06:55 UTC (1499951215)
[    2.602352] BIOS EDD facility v0.16 2004-Jun-25, 0 devices found
[    2.602352] EDD information not available.
[    3.122723] Freeing unused kernel memory: 1488K (ffffffff81f45000 - ffffffff820b9000)
[    3.132732] Write protecting the kernel read-only data: 14336k
[    3.144772] Freeing unused kernel memory: 1760K (ffff880001848000 - ffff880001a00000)
[    3.166620] Freeing unused kernel memory: 112K (ffff880001de4000 - ffff880001e00000)
Loading, please wait...
starting version 229
[    3.207322] random: systemd-udevd: uninitialized urandom read (16 bytes read, 3 bits of entropy available)
[    3.208763] random: udevadm: uninitialized urandom read (16 bytes read, 3 bits of entropy available)
[    3.208927] random: udevadm: uninitialized urandom read (16 bytes read, 3 bits of entropy available)
[    3.209226] random: udevadm: uninitialized urandom read (16 bytes read, 3 bits of entropy available)
[    3.209347] random: udevadm: uninitialized urandom read (16 bytes read, 3 bits of entropy available)
[    3.209464] random: udevadm: uninitialized urandom read (16 bytes read, 3 bits of entropy available)
[    3.209578] random: udevadm: uninitialized urandom read (16 bytes read, 3 bits of entropy available)
[    3.209719] random: udevadm: uninitialized urandom read (16 bytes read, 3 bits of entropy available)
[    3.209844] random: udevadm: uninitialized urandom read (16 bytes read, 3 bits of entropy available)
[    3.209964] random: udevadm: uninitialized urandom read (16 bytes read, 3 bits of entropy available)
[    3.531085] Fusion MPT base driver 3.04.20
[    3.551873] Copyright (c) 1999-2008 LSI Corporation
[    3.561157] e1000: Intel(R) PRO/1000 Network Driver - version 7.3.21-k8-NAPI
[    3.561176] Fusion MPT SPI Host driver 3.04.20
[    3.565075] mptbase: ioc0: Initiating bringup
[    3.638776] e1000: Copyright (c) 1999-2006 Intel Corporation.
[    3.727209] AVX version of gcm_enc/dec engaged.
[    3.756831] ioc0: LSI53C1030 A0: Capabilities={Initiator}
[    3.843076] AES CTR mode by8 optimization enabled
[    3.947766] scsi host2: ioc0: LSI53C1030 A0, FwRev=00000000h, Ports=1, MaxQ=256, IRQ=20
[    3.948992] input: ImExPS/2 Generic Explorer Mouse as /devices/platform/i8042/serio1/input/input4
[    4.130061] scsi 2:0:0:0: Direct-Access     VBOX     HARDDISK         1.0  PQ: 0 ANSI: 5
[    4.146515] scsi target2:0:0: Beginning Domain Validation
[    4.207993] scsi target2:0:0: Domain Validation skipping write tests
[    4.217224] scsi target2:0:0: Ending Domain Validation
[    4.222193] scsi target2:0:0: asynchronous
[    4.226300] scsi 2:0:1:0: Direct-Access     VBOX     HARDDISK         1.0  PQ: 0 ANSI: 5
[    4.262564] scsi target2:0:1: Beginning Domain Validation
[    4.315771] scsi target2:0:1: Domain Validation skipping write tests
[    4.319490] scsi target2:0:1: Ending Domain Validation
[    4.329480] scsi target2:0:1: asynchronous
[    4.350537] sd 2:0:0:0: Attached scsi generic sg0 type 0
[    4.367517] sd 2:0:0:0: [sda] 20971520 512-byte logical blocks: (10.7 GB/10.0 GiB)
[    4.373579] sd 2:0:0:0: [sda] Write Protect is off
[    4.381454] sd 2:0:1:0: [sdb] 20480 512-byte logical blocks: (10.5 MB/10.0 MiB)
[    4.384883] sd 2:0:1:0: Attached scsi generic sg1 type 0
[    4.387947] sd 2:0:1:0: [sdb] Write Protect is off
[    4.413123] sd 2:0:0:0: [sda] Incomplete mode parameter data
[    4.415316] sd 2:0:0:0: [sda] Assuming drive cache: write through
[    4.419839] sd 2:0:1:0: [sdb] Incomplete mode parameter data
[    4.421995] sd 2:0:1:0: [sdb] Assuming drive cache: write through
[    4.428301]  sda: sda1
[    4.434686] sd 2:0:0:0: [sda] Attached SCSI disk
[    4.442664] sd 2:0:1:0: [sdb] Attached SCSI disk
[    4.640828] e1000 0000:00:03.0 eth0: (PCI:33MHz:32-bit) 02:ed:55:e6:81:b9
[    4.673835] e1000 0000:00:03.0 eth0: Intel(R) PRO/1000 Network Connection
[    5.109579] e1000 0000:00:08.0 eth1: (PCI:33MHz:32-bit) 08:00:27:1b:d0:35
[    5.112967] e1000 0000:00:08.0 eth1: Intel(R) PRO/1000 Network Connection
[    5.121075] e1000 0000:00:03.0 enp0s3: renamed from eth0
[    5.169171] e1000 0000:00:08.0 enp0s8: renamed from eth1
[    6.534063] floppy0: no floppy controllers found
Begin: Loading essential drivers[    8.192701] md: linear personality registered for level -1
 ... [    8.214739] md: multipath personality registered for level -4
[    8.270813] md: raid0 personality registered for level 0
[    8.318770] md: raid1 personality registered for level 1
[    8.408040] raid6: sse2x1   gen()  2763 MB/s
[    8.492362] raid6: sse2x1   xor()  1681 MB/s
[    8.572268] raid6: sse2x2   gen()  3435 MB/s
[    8.697028] raid6: sse2x2   xor()  2236 MB/s
[    8.804039] raid6: sse2x4   gen()  2689 MB/s
[    8.908118] raid6: sse2x4   xor()  1668 MB/s
[    8.915446] raid6: using algorithm sse2x2 gen() 3435 MB/s
[    8.942553] raid6: .... xor() 2236 MB/s, rmw enabled
[    8.968749] raid6: using ssse3x2 recovery algorithm
[    9.000172] xor: automatically using best checksumming function:
[    9.072265]    avx       :  6869.000 MB/sec
[    9.093106] async_tx: api initialized (async)
[    9.160740] md: raid6 personality registered for level 6
[    9.185536] md: raid5 personality registered for level 5
[    9.193344] md: raid4 personality registered for level 4
[    9.246398] md: raid10 personality registered for level 10
done.
Begin: Running /scripts/init-premount ... done.
Begin: Mounting root file system ... Begin: Running /scripts/local-top ... done.
Begin: Running /scripts/local-premount ... [    9.345008] Btrfs loaded
Scanning for Btrfs filesystems
done.
Warning: fsck no[    9.418750] EXT4-fs (sda1): INFO: recovery required on readonly filesystem
t present, so sk[    9.454156] EXT4-fs (sda1): write access will be enabled during recovery
ipping root file system
[    9.704366] EXT4-fs (sda1): recovery complete
[    9.710799] EXT4-fs (sda1): mounted filesystem with ordered data mode. Opts: (null)
done.
Begin: Running /scripts/local-bottom ... done.
Begin: Running /scripts/init-bottom ... done.
[   10.029252] systemd[1]: systemd 229 running in system mode. (+PAM +AUDIT +SELINUX +IMA +APPARMOR +SMACK +SYSVINIT +UTMP +LIBCRYPTSETUP +GCRYPT +GNUTLS +ACL +XZ -LZ4 +SECCOMP +BLKID +ELFUTILS +KMOD -IDN)
[   10.090864] systemd[1]: Detected virtualization oracle.
[   10.101439] systemd[1]: Detected architecture x86-64.

Welcome to [1mUbuntu 16.04.2 LTS[0m!

[   10.161976] systemd[1]: Set hostname to <ubuntu-xenial>.
[   10.456773] systemd[1]: Set up automount Arbitrary Executable File Formats File System Automount Point.
[[0;32m  OK  [0m] Set up automount Arbitrary Executab...ats File System Automount Point.
[   10.522289] systemd[1]: Listening on Journal Socket (/dev/log).
[[0;32m  OK  [0m] Listening on Journal Socket (/dev/log).
[   10.561396] systemd[1]: Listening on udev Kernel Socket.
[[0;32m  OK  [0m] Listening on udev Kernel Socket.
[   10.597893] systemd[1]: Listening on /dev/initctl Compatibility Named Pipe.
[[0;32m  OK  [0m] Listening on /dev/initctl Compatibility Named Pipe.
[   10.644161] systemd[1]: Reached target User and Group Name Lookups.
[[0;32m  OK  [0m] Reached target User and Group Name Lookups.
[   10.712266] systemd[1]: Started Forward Password Requests to Wall Directory Watch.
[[0;32m  OK  [0m] Started Forward Password Requests to Wall Directory Watch.
[   10.788939] systemd[1]: Listening on Syslog Socket.
[[0;32m  OK  [0m] Listening on Syslog Socket.
[   10.828520] systemd[1]: Reached target Encrypted Volumes.
[[0;32m  OK  [0m] Reached target Encrypted Volumes.
[   10.884891] systemd[1]: Created slice User and Session Slice.
[[0;32m  OK  [0m] Created slice User and Session Slice.
[   10.917368] systemd[1]: Listening on LVM2 poll daemon socket.
[[0;32m  OK  [0m] Listening on LVM2 poll daemon socket.
[   10.940718] systemd[1]: Created slice System Slice.
[[0;32m  OK  [0m] Created slice System Slice.
[   10.972540] systemd[1]: Reached target Slices.
[[0;32m  OK  [0m] Reached target Slices.
[   11.016805] systemd[1]: Listening on udev Control Socket.
[[0;32m  OK  [0m] Listening on udev Control Socket.
[   11.083603] systemd[1]: Created slice system-serial\x2dgetty.slice.
[[0;32m  OK  [0m] Created slice system-serial\x2dgetty.slice.
[   11.145094] systemd[1]: Listening on Journal Audit Socket.
[[0;32m  OK  [0m] Listening on Journal Audit Socket.
[   11.213853] systemd[1]: Listening on Journal Socket.
[[0;32m  OK  [0m] Listening on Journal Socket.
[   11.257083] systemd[1]: Starting Set console keymap...
         Starting Set console keymap...
[   11.328739] systemd[1]: Starting Load Kernel Modules...
         Starting Load Kernel Modules...
[   11.384986] systemd[1]: Starting Nameserver information manager...
[   11.387782] Loading iSCSI transport class v2.0-870.
         Starting Nameserver information manager...
[   11.406808] systemd[1]: Mounting RPC Pipe File System...
[   11.430356] iscsi: registered transport (tcp)
[   11.470890] random: nonblocking pool is initialized
         Mounting RPC Pipe File System...
[   11.525552] RPC: Registered named UNIX socket transport module.
[   11.565521] RPC: Registered udp transport module.
[   11.615821] RPC: Registered tcp transport module.
[   11.636859] RPC: Registered tcp NFSv4.1 backchannel transport module.
[   11.656647] systemd[1]: Mounting Huge Pages File System...
         Mountin[   11.672835] iscsi: registered transport (iser)
g Huge Pages File System...
[   11.748417] systemd[1]: Starting Remount Root and Kernel File Systems...
         Starting Remount[   11.777763] EXT4-fs (sda1): re-mounted. Opts: (null)
 Root and Kernel File Systems...
[   11.829279] systemd[1]: Mounting POSIX Message Queue File System...
         Mounting POSIX Message Queue File System...
[   11.852728] systemd[1]: Starting Uncomplicated firewall...
         Starting Uncomplicated firewall...
[   11.877051] systemd[1]: Starting Create list of required static device nodes for the current kernel...
         Starting Create list of required st... nodes for the current kernel...
[   11.984651] systemd[1]: Mounting Debug File System...
         Mounting Debug File System...
[   12.048920] systemd[1]: Listening on Device-mapper event daemon FIFOs.
[[0;32m  OK  [0m] Listening on Device-mapper event daemon FIFOs.
[   12.069117] systemd[1]: Reached target Swap.
[[0;32m  OK  [0m] Reached target Swap.
[   12.130170] systemd[1]: Listening on LVM2 metadata daemon socket.
[[0;32m  OK  [0m] Listening on LVM2 metadata daemon socket.
[   12.184358] systemd[1]: Starting Monitoring of LVM2 mirrors, snapshots etc. using dmeventd or progress polling...
         Starting Monitoring of LVM2 mirrors... dmeventd or progress polling...
[   12.252921] systemd[1]: Starting Journal Service...
         Starting Journal Service...
[   12.326725] systemd[1]: Mounted RPC Pipe File System.
[[0;32m  OK  [0m] Mounted RPC Pipe File System.
[   12.348947] systemd[1]: Mounted POSIX Message Queue File System.
[[0;32m  OK  [0m] Mounted POSIX Message Queue File System.
[   12.386254] systemd[1]: Mounted Huge Pages File System.
[[0;32m  OK  [0m] Mounted Huge Pages File System.
[   12.438082] systemd[1]: Mounted Debug File System.
[[0;32m  OK  [0m] Mounted Debug File System.
[   12.472971] systemd[1]: Started Journal Service.
[[0;32m  OK  [0m] Started Journal Service.
[[0;32m  OK  [0m] Started Set console keymap.
[[0;32m  OK  [0m] Started Load Kernel Modules.
[[0;32m  OK  [0m] Started Remount Root and Kernel File Systems.
[[0;32m  OK  [0m] Started Uncomplicated firewall.
[[0;32m  OK  [0m] Started Create list of required sta...ce nodes for the current kernel.
[[0;32m  OK  [0m] Started Nameserver information manager.
[[0;32m  OK  [0m] Started LVM2 metadata daemon.
         Starting Create Static Device Nodes in /dev...
         Starting Load/Save Random Seed...
         Starting udev Coldplug all Devices...
         Starting Initial cloud-init job (pre-networking)...
         Mounting FUSE Control File System...
         Starting Apply Kernel Variables...
         Starting Flush Journal to Persistent Storage...
[[0;32m  OK  [0m] Mounted FUSE Control File System.
[[0;32m  OK  [0m] Started Create Static Device Nodes in /dev.
[[0;32m  OK  [0m] Started Load/Save Random Seed.
[[0;32m  OK  [0m] Started Apply Kernel Variables.
[[0;32m  OK  [0m] Started udev Coldplug all Devices.
[[0;32m  OK  [0m] Started Monitoring of LVM2 mirrors,...ng dmeventd or progress polling.
[[0;32m  OK  [0m] Started Flush Journal to Persistent Storage.
         Starting udev Kernel Device Manager...
[[0;32m  OK  [0m] Started udev Kernel Device Manager.
[[0;32m  OK  [0m] Reached target Local File Systems (Pre).
[[0;32m  OK  [0m] Reached target Local File Systems.
         Starting Tell Plymouth To Write Out Runtime Data...
         Starting Set console font and keymap...
         Starting Preprocess NFS configuration...
         Starting Create Volatile Files and Directories...
         Starting LSB: AppArmor initialization...
[[0;32m  OK  [0m] Started Dispatch Password Requests to Console Directory Watch.
[[0;32m  OK  [0m] Started Tell Plymouth To Write Out Runtime Data.
[[0;32m  OK  [0m] Started Preprocess NFS configuration.
[[0;32m  OK  [0m] Started Create Volatile Files and Directories.
[[0;32m  OK  [0m] Found device /dev/ttyS0.
         Starting Update UTMP about System Boot/Shutdown...
[[0;32m  OK  [0m] Reached target System Time Synchronized.
[[0;32m  OK  [0m] Reached target NFS client services.
[[0;32m  OK  [0m] Started LSB: AppArmor initialization.
[[0;32m  OK  [0m] Started Update UTMP about System Boot/Shutdown.
[[0;32m  OK  [0m] Listening on Load/Save RF Kill Switch Status /dev/rfkill Watch.
[[0;32m  OK  [0m] Started Set console font and keymap.
[[0;32m  OK  [0m] Created slice system-getty.slice.
[[0;32m  OK  [0m] Found device 82540EM Gigabit Ethern...r (PRO/1000 MT Desktop Adapter).
[[0;32m  OK  [0m] Found device 82540EM Gigabit Ethern...r (PRO/1000 MT Desktop Adapter).
[   15.292013] cloud-init[468]: Cloud-init v. 0.7.9 running 'init-local' at Thu, 13 Jul 2017 13:07:07 +0000. Up 14.67 seconds.
[[0;32m  OK  [0m] Started Initial cloud-init job (pre-networking).
[[0;32m  OK  [0m] Reached target Network (Pre).
         Starting Raise network interfaces...
[[0;32m  OK  [0m] Started ifup for enp0s8.
[[0;32m  OK  [0m] Started ifup for enp0s3.
[[0;32m  OK  [0m] Started Raise network interfaces.
         Starting Initial cloud-init job (metadata service crawler)...
[[0;32m  OK  [0m] Reached target Network.
[   18.172089] cloud-init[1050]: Cloud-init v. 0.7.9 running 'init' at Thu, 13 Jul 2017 13:07:10 +0000. Up 17.60 seconds.
[   18.210866] cloud-init[1050]: ci-info: ++++++++++++++++++++++++++++++++++++++Net device info++++++++++++++++++++++++++++++++++++++
[   18.261303] cloud-init[1050]: ci-info: +--------+------+-----------------------------+---------------+-------+-------------------+
[   18.300544] cloud-init[1050]: ci-info: | Device |  Up  |           Address           |      Mask     | Scope |     Hw-Address    |
[   18.300980] cloud-init[1050]: ci-info: +--------+------+-----------------------------+---------------+-------+-------------------+
[[0;32m  OK  [0m] Started Initial cloud-init job (metadata service crawler).
[   18.301282] cloud-init[1050]: ci-info: | enp0s8 | True |        192.168.60.13        | 255.255.255.0 |   .   | 08:00:27:1b:d0:35 |
[   18.488922] cloud-init[1050]: ci-info: | enp0s8 | True | fe80::a00:27ff:fe1b:d035/64 |       .       |  link | 08:00:27:1b:d0:35 |
[   18.489497] cloud-init[1050]: ci-info: | enp0s3 | True |          10.0.2.15          | 255.255.255.0 |   .   | 02:ed:55:e6:81:b9 |
[[0;32m  OK  [0m] Reached target Cloud-config availability.
[   18.489931] cloud-init[1050]: ci-info: | enp0s3 | True |  fe80::ed:55ff:fee6:81b9/64 |       .       |  link | 02:ed:55:e6:81:b9 |
[   18.577050] cloud-init[1050]: ci-info: |   lo   | True |          127.0.0.1          |   255.0.0.0   |   .   |         .         |
[   18.577596] cloud-init[1050]: ci-info: |   lo   | True |           ::1/128           |       .       |  host |         .         |
[[0;32m  OK  [0m] Reached target Network is Online.
[   18.577885] cloud-init[1050]: ci-info: +--------+------+-----------------------------+---------------+-------+-------------------+
         Starting iSCSI initiator daemon (iscsid)...
[[0;32m  OK  [0m] Reached target System Initialization.
[   18.661714] cloud-init[1050]: ci-info: ++++++++++++++++++++++++++++Route IPv4 info++++++++++++++++++++++++++++
[[0;32m  OK  [0m] Started Daily Cleanup of Temporary Directories.
[[0;32m  OK  [0m] Listening on ACPID Listen Socket.
[[0;32m  OK  [0m] Listening on UUID daemon activation socket.
[   18.696351] cloud-init[1050]: ci-info: +-------+--------------+----------+---------------+-----------+-------+
[   18.750136] [cloud-init[0;32m  OK  [0m[1050]: ] ci-info: | Route | Destination  | Gateway  |    Genmask    | Interface | Flags |Started Daily apt activities.

[   18.805109] [cloud-init[0;32m  OK  [0m[1050]: ] ci-info: +-------+--------------+----------+---------------+-----------+-------+Started Trigger resolvconf update for networkd DNS.

[   18.856458] [cloud-init[0;32m  OK  [0m[1050]: ] ci-info: |   0   |   0.0.0.0    | 10.0.2.2 |    0.0.0.0    |   enp0s3  |   UG  |Started Timer to automatically refresh installed snaps.

[   18.960437] [cloud-init[0;32m  OK  [0m[1050]: ] ci-info: |   1   |   10.0.2.0   | 0.0.0.0  | 255.255.255.0 |   enp0s3  |   U   |Reached target Timers.

[   18.961441] cloud-init[1050]: ci-info: |   2   | 192.168.60.0 | 0.0.0.0  | 255.255.255.0 |   enp0s8  |   U   |
[   19.005136] cloud-init[1050]: ci-info: +-------+--------------+----------+---------------+-----------+-------+
[[0;32m  OK  [0m] Listening on D-Bus System Message Bus Socket.
[[0;32m  OK  [0m] Started ACPI Events Check.
[[0;32m  OK  [0m] Reached target Paths.
[[0;32m  OK  [0m] Listening on RPCbind Server Activation Socket.
         Starting Socket activation for snappy daemon.
         Starting LXD - unix socket.
[[0;32m  OK  [0m] Listening on Socket activation for snappy daemon.
[[0;32m  OK  [0m] Listening on LXD - unix socket.
[[0;32m  OK  [0m] Started iSCSI initiator daemon (iscsid).
         Starting Login to default iSCSI targets...
[[0;32m  OK  [0m] Reached target Sockets.
[[0;32m  OK  [0m] Reached target Basic System.
         Starting vboxadd-x11.service...
         Starting OpenBSD Secure Shell server...
         Starting /etc/rc.local Compatibility...
[[0;32m  OK  [0m] Started Regular background program processing daemon.
         Starting vboxadd.service...
         Starting LSB: MD monitoring daemon...
         Starting System Logging Service...
         Starting Apply the settings specified in cloud-config...
         Starting Accounts Service...
         Starting Login Service...
         Starting LSB: Record successful boot for GRUB...
[[0;32m  OK  [0m] Started Deferred execution scheduler.
         Starting LXD - container startup/shutdown...
[[0;32m  OK  [0m] Started ACPI event daemon.
[[0;32m  OK  [0m] Started D-Bus System Message Bus.
[[0;32m  OK  [0m] Started FUSE filesystem for LXC.
[[0;32m  OK  [0m] Started Snappy daemon.
         Starting Auto import assertions from block devices...
[[0;32m  OK  [0m] Started OpenBSD Secure Shell server.
[[0;32m  OK  [0m] Started System Logging Service.
[[0;32m  OK  [0m] Started vboxadd-x11.service.
[[0;32m  OK  [0m] Started /etc/rc.local Compatibility.
[[0;32m  OK  [0m] Started LXD - container startup/shutdown.
[[0;32m  OK  [0m] Started Auto import assertions from block devices.
[[0;32m  OK  [0m] Started vboxadd.service.
[[0;32m  OK  [0m] Started Login to default iSCSI targets.
[[0;32m  OK  [0m] Started LSB: MD monitoring daemon.
[[0;32m  OK  [0m] Started LSB: Record successful boot for GRUB.
[[0;32m  OK  [0m] Started Login Service.
         Starting Authenticate and Authorize Users to Run Privileged Tasks...
[[0;32m  OK  [0m] Reached target Remote File Systems (Pre).
[[0;32m  OK  [0m] Reached target Remote File Systems.
         Starting LSB: automatic crash report generation...
         Starting LSB: daemon to balance interrupts for SMP systems...
         Starting LSB: Set the CPU Frequency Scaling governor to "ondemand"...
         Starting Permit User Sessions...
         Starting vboxadd-service.service...
[[0;32m  OK  [0m] Started Permit User Sessions.
[[0;32m  OK  [0m] Started vboxadd-service.service.
[[0;32m  OK  [0m] Started Authenticate and Authorize Users to Run Privileged Tasks.
[[0;32m  OK  [0m] Started Accounts Service.
[   21.050808] cloud-init[1153]: Cloud-init v. 0.7.9 running 'modules:config' at Thu, 13 Jul 2017 13:07:13 +0000. Up 20.79 seconds.
[[0;32m  OK  [0m] Started LSB: daemon to balance interrupts for SMP systems.
[[0;32m  OK  [0m] Started LSB: automatic crash report generation.
[[0;32m  OK  [0m] Started LSB: Set the CPU Frequency Scaling governor to "ondemand".
         Starting Terminate Plymouth Boot Screen...
         Starting Hold until boot process finishes up...
[[0;32m  OK  [0m] Started Apply the settings specified in cloud-config.
[[0;32m  OK  [0m] Started Terminate Plymouth Boot Screen.
[[0;32m  OK  [0m] Started Hold until boot process finishes up.
         Starting Set console scheme...
[[0;32m  OK  [0m] Started Getty on tty1.
[[0;32m  OK  [0m] Started Serial Getty on ttyS0.
[[0;32m  OK  [0m] Reached target Login Prompts.
[[0;32m  OK  [0m] Reached target Multi-User System.
[[0;32m  OK  [0m] Reached target Graphical Interface.
         Starting Update UTMP about System Runlevel Changes...
         Starting Execute cloud user/final scripts...
[[0;32m  OK  [0m] Started Set console scheme.
[[0;32m  OK  [0m] Started Update UTMP about System Runlevel Changes.
[   22.473911] cloud-init[1356]: Cloud-init v. 0.7.9 running 'modules:final' at Thu, 13 Jul 2017 13:07:15 +0000. Up 22.21 seconds.
[   22.511842] cloud-init[1356]: Cloud-init v. 0.7.9 finished at Thu, 13 Jul 2017 13:07:15 +0000. Datasource DataSourceNoCloud [seed=/dev/sdb][dsmode=net].  Up 22.45 seconds
[[0;32m  OK  [0m] Started Execute cloud user/final scripts.
[[0;32m  OK  [0m] Reached target Cloud-init target.

Ubuntu 16.04.2 LTS ubuntu-xenial ttyS0

ubuntu-xenial login:          Stopping ACPI event daemon...
         Stopping User Manager for UID 1000...
[[0;32m  OK  [0m] Stopped target Timers.
[[0;32m  OK  [0m] Stopped Timer to automatically refresh installed snaps.
[[0;32m  OK  [0m] Stopped target Graphical Interface.
i         Stopping D-Bus System Message Bus...
            Ston         Stopping LSB: MD monitoring daemon...
         Stopping Session 14 of user ubuntu.
         Stopping User Manager for UID 1000...
         Stopping vboxadd-service.service...
         Stopping LXD - container startup/shutdown...
         Stopping FUSE filesystem for LXC...
         Stopping D-Bus System Message Bus...
[[0;32m  OK  [0m] Stopped target Timers.
[[0;32m  OK  [0m] Stopped Daily apt activities.
[[0;32m  OK  [0m] Stopped Timer to automatically refresh installed snaps.
[[0;32m  OK  [0m] Stopped target System Time Synchronized.
         Stopping Regular background program processing daemon...
         Stopping LSB: automatic crash report generation...
         Stopping LSB: Apache2 web server...
[[0;32m  OK  [0m] Stopped Daily Cleanup of Temporary Directories.
[[0;32m  OK  [0m] Stopped target Cloud-config availability.
         Stopping LSB: Set the CPU Frequency Scaling governor to "ondemand"...
         Stopping Accounts Service...
         Stopping vboxadd-x11.service...
[[0;32m  OK  [0m] Unmounted /var/lib/lxcfs.
[[0;32m  OK  [0m] Stopped System Logging Service.
[[0;32m  OK  [0m] Stopped Snappy daemon.
[[0;32m  OK  [0m] Stopped ACPI event daemon.
[[0;32m  OK  [0m] Stopped Accounts Service.
[[0;32m  OK  [0m] Stopped Deferred execution scheduler.
[[0;32m  OK  [0m] Stopped OpenBSD Secure Shell server.
[[0;32m  OK  [0m] Stopped Regular background program processing daemon.
[[0;32m  OK  [0m] Stopped Authenticate and Authorize Users to Run Privileged Tasks.
[[0;32m  OK  [0m] Stopped Serial Getty on ttyS0.
[[0;32m  OK  [0m] Stopped Getty on tty1.
[[0;32m  OK  [0m] Stopped User Manager for UID 1000.
[[0;32m  OK  [0m] Unmounted RPC Pipe File System.
[[0;32m  OK  [0m] Stopped Session 14 of user ubuntu.
[[0;32m  OK  [0m] Stopped vboxadd-service.service.
[[0;32m  OK  [0m] Stopped D-Bus System Message Bus.
[[0;32m  OK  [0m] Stopped vboxadd-x11.service.
[[0;32m  OK  [0m] Stopped FUSE filesystem for LXC.
[[0;32m  OK  [0m] Stopped LSB: daemon to balance interrupts for SMP systems.
[[0;32m  OK  [0m] Stopped LSB: Record successful boot for GRUB.
[[0;32m  OK  [0m] Stopped LSB: MD monitoring daemon.
[[0;32m  OK  [0m] Stopped Advanced key-value store.
[[0;32m  OK  [0m] Stopped LXD - container startup/shutdown.
[[0;32m  OK  [0m] Stopped LSB: Set the CPU Frequency Scaling governor to "ondemand".
[[0;32m  OK  [0m] Stopped LSB: automatic crash report generation.
         Stopping vboxadd.service...
[[0;32m  OK  [0m] Removed slice User Slice of ubuntu.
         Stopping Login Service...
[[0;32m  OK  [0m] Removed slice system-getty.slice.
[[0;32m  OK  [0m] Removed slice system-serial\x2dgetty.slice.
[[0;32m  OK  [0m] Stopped /etc/rc.local Compatibility.
         Stopping Permit User Sessions...
[[0;32m  OK  [0m] Stopped Login Service.
[[0;32m  OK  [0m] Stopped Permit User Sessions.
[[0;32m  OK  [0m] Stopped target User and Group Name Lookups.
[[0;32m  OK  [0m] Stopped vboxadd.service.
[[0;32m  OK  [0m] Stopped LSB: Apache2 web server.
[[0;32m  OK  [0m] Stopped target Basic System.
[[0;32m  OK  [0m] Stopped target Paths.
[[0;32m  OK  [0m] Stopped Dispatch Password Requests to Console Directory Watch.
[[0;32m  OK  [0m] Stopped Trigger resolvconf update for networkd DNS.
[[0;32m  OK  [0m] Stopped ACPI Events Check.
[[0;32m  OK  [0m] Stopped Forward Password Requests to Wall Directory Watch.
[[0;32m  OK  [0m] Stopped target Slices.
[[0;32m  OK  [0m] Removed slice User and Session Slice.
[[0;32m  OK  [0m] Stopped target Sockets.
[[0;32m  OK  [0m] Closed Syslog Socket.
[[0;32m  OK  [0m] Closed UUID daemon activation socket.
[[0;32m  OK  [0m] Closed LXD - unix socket.
[[0;32m  OK  [0m] Closed Socket activation for snappy daemon.
[[0;32m  OK  [0m] Closed RPCbind Server Activation Socket.
[[0;32m  OK  [0m] Closed ACPID Listen Socket.
[[0;32m  OK  [0m] Closed D-Bus System Message Bus Socket.
[[0;32m  OK  [0m] Stopped target Remote File Systems.
         Unmounting /var/www/html/fileadmin...
         Unmounting /provision...
[[0;32m  OK  [0m] Stopped target System Initialization.
[[0;32m  OK  [0m] Stopped target Encrypted Volumes.
         Stopping Load/Save Random Seed...
[[0;32m  OK  [0m] Stopped Create Volatile Files and Directories.
[[0;32m  OK  [0m] Stopped target Swap.
[[0;1;31mFAILED[0m] Failed unmounting /var/www/html/fileadmin.
[[0;32m  OK  [0m] Unmounted /provision.
[[0;32m  OK  [0m] Stopped Load/Save Random Seed.
         Unmounting /var/www/html...
[[0;32m  OK  [0m] Unmounted /var/www/html.
[[0;32m  OK  [0m] Stopped target Remote File Systems (Pre).
         Stopping Login to default iSCSI targets...
[[0;32m  OK  [0m] Stopped target NFS client services.
[[0;32m  OK  [0m] Stopped Login to default iSCSI targets.
         Stopping iSCSI initiator daemon (iscsid)...
[[0;32m  OK  [0m] Stopped iSCSI initiator daemon (iscsid).
[[0;32m  OK  [0m] Stopped target Network is Online.
[[0;32m  OK  [0m] Stopped Initial cloud-init job (metadata service crawler).
[[0;32m  OK  [0m] Stopped target Network.
         Stopping Raise network interfaces...
[[0;32m  OK  [0m] Stopped Raise network interfaces.
[[0;32m  OK  [0m] Stopped target Network (Pre).
[[0;32m  OK  [0m] Stopped Initial cloud-init job (pre-networking).
[[0;32m  OK  [0m] Stopped Apply Kernel Variables.
[[0;32m  OK  [0m] Stopped target Local File Systems.
         Starting Unattended Upgrades Shutdown...
         Unmounting /run/user/1000...
[[0;32m  OK  [0m] Stopped Load Kernel Modules.
[[0;32m  OK  [0m] Unmounted /run/user/1000.
[[0;32m  OK  [0m] Reached target Unmount All Filesystems.
[[0;32m  OK  [0m] Stopped target Local File Systems (Pre).
[[0;32m  OK  [0m] Stopped Create Static Device Nodes in /dev.
         Stopping Monitoring of LVM2 mirrors... dmeventd or progress polling...
[[0;32m  OK  [0m] Stopped Remount Root and Kernel File Systems.
[[0;32m  OK  [0m] Started Unattended Upgrades Shutdown.
[[0;32m  OK  [0m] Stopped Monitoring of LVM2 mirrors,...ng dmeventd or progress polling.
         Stopping LVM2 metadata daemon...
[[0;32m  OK  [0m] Reached target Shutdown.
wn
